[2022-02-02 14:01:06] merlin-logger.DEBUG: The welcome step has been displayed [] []
[2022-02-02 14:01:09] merlin-logger.DEBUG: The plugin installation step has been displayed [] []
[2022-02-02 14:01:22] merlin-logger.DEBUG: A plugin with the following data will be processed {"plugin_slug":"redux-framework","message":"Installing"} []
[2022-02-02 14:02:05] merlin-logger.DEBUG: A plugin with the following data was processed {"plugin_slug":"redux-framework"} []
[2022-02-02 14:02:06] merlin-logger.DEBUG: A plugin with the following data will be processed {"plugin_slug":"force-regenerate-thumbnails","message":"Installing"} []
[2022-02-02 14:02:14] merlin-logger.DEBUG: A plugin with the following data was processed {"plugin_slug":"force-regenerate-thumbnails"} []
[2022-02-02 14:02:15] merlin-logger.DEBUG: A plugin with the following data will be processed {"plugin_slug":"meks-easy-ads-widget","message":"Installing"} []
[2022-02-02 14:02:24] merlin-logger.DEBUG: A plugin with the following data was processed {"plugin_slug":"meks-easy-ads-widget"} []
[2022-02-02 14:02:24] merlin-logger.DEBUG: A plugin with the following data will be processed {"plugin_slug":"meks-easy-instagram-widget","message":"Installing"} []
[2022-02-02 14:02:33] merlin-logger.DEBUG: A plugin with the following data was processed {"plugin_slug":"meks-easy-instagram-widget"} []
[2022-02-02 14:02:34] merlin-logger.DEBUG: A plugin with the following data will be processed {"plugin_slug":"meks-easy-social-share","message":"Installing"} []
[2022-02-02 14:02:47] merlin-logger.DEBUG: A plugin with the following data was processed {"plugin_slug":"meks-easy-social-share"} []
[2022-02-02 14:02:49] merlin-logger.DEBUG: A plugin with the following data will be processed {"plugin_slug":"meks-flexible-shortcodes","message":"Installing"} []
[2022-02-02 14:03:03] merlin-logger.DEBUG: A plugin with the following data was processed {"plugin_slug":"meks-flexible-shortcodes"} []
[2022-02-02 14:03:04] merlin-logger.DEBUG: A plugin with the following data will be processed {"plugin_slug":"meks-simple-flickr-widget","message":"Installing"} []
[2022-02-02 14:03:14] merlin-logger.DEBUG: A plugin with the following data was processed {"plugin_slug":"meks-simple-flickr-widget"} []
[2022-02-02 14:03:15] merlin-logger.DEBUG: A plugin with the following data will be processed {"plugin_slug":"meks-smart-author-widget","message":"Installing"} []
[2022-02-02 14:03:23] merlin-logger.DEBUG: A plugin with the following data was processed {"plugin_slug":"meks-smart-author-widget"} []
[2022-02-02 14:03:24] merlin-logger.DEBUG: A plugin with the following data will be processed {"plugin_slug":"meks-smart-social-widget","message":"Installing"} []
[2022-02-02 14:03:33] merlin-logger.DEBUG: A plugin with the following data was processed {"plugin_slug":"meks-smart-social-widget"} []
[2022-02-02 14:03:34] merlin-logger.DEBUG: A plugin with the following data will be processed {"plugin_slug":"meks-themeforest-smart-widget","message":"Installing"} []
[2022-02-02 14:03:42] merlin-logger.DEBUG: A plugin with the following data was processed {"plugin_slug":"meks-themeforest-smart-widget"} []
[2022-02-02 14:03:43] merlin-logger.DEBUG: A plugin with the following data will be processed {"plugin_slug":"meks-time-ago","message":"Installing"} []
[2022-02-02 14:03:53] merlin-logger.DEBUG: A plugin with the following data was processed {"plugin_slug":"meks-time-ago"} []
[2022-02-02 14:03:54] merlin-logger.DEBUG: A plugin with the following data will be processed {"plugin_slug":"typology-buddy","message":"Installing"} []
[2022-02-02 14:04:02] merlin-logger.DEBUG: A plugin with the following data was processed {"plugin_slug":"typology-buddy"} []
[2022-02-02 14:04:03] merlin-logger.DEBUG: A plugin with the following data will be processed {"plugin_slug":"wp-postviews","message":"Installing"} []
[2022-02-02 14:04:11] merlin-logger.DEBUG: A plugin with the following data was processed {"plugin_slug":"wp-postviews"} []
[2022-02-02 14:04:12] merlin-logger.DEBUG: A plugin with the following data will be processed {"plugin_slug":"wpforms-lite","message":"Installing"} []
[2022-02-02 14:04:36] merlin-logger.DEBUG: A plugin with the following data was processed {"plugin_slug":"wpforms-lite"} []
[2022-02-02 14:04:43] merlin-logger.DEBUG: The content import step has been displayed [] []
[2022-02-02 14:08:02] merlin-logger.INFO: The content import AJAX call will be executed with this import data {"title":"Content","data":"D:\\Software\\www\\blog/wp-content/themes/typology/inc/demos/01_default/content.xml"} []
[2022-02-02 14:08:02] merlin-logger.DEBUG: The Hello world post status was set to draft [] []
[2022-02-02 14:08:02] merlin-logger.INFO: Imported "Business" (category) [] []
[2022-02-02 14:08:02] merlin-logger.DEBUG: Term 4 remapped to 2 [] []
[2022-02-02 14:08:02] merlin-logger.INFO: Imported "Culture" (category) [] []
[2022-02-02 14:08:02] merlin-logger.DEBUG: Term 3 remapped to 3 [] []
[2022-02-02 14:08:02] merlin-logger.INFO: Imported "Humans" (category) [] []
[2022-02-02 14:08:02] merlin-logger.DEBUG: Term 2 remapped to 4 [] []
[2022-02-02 14:08:02] merlin-logger.INFO: Imported "Politics" (category) [] []
[2022-02-02 14:08:02] merlin-logger.DEBUG: Term 5 remapped to 5 [] []
[2022-02-02 14:08:02] merlin-logger.INFO: Imported "Technology" (category) [] []
[2022-02-02 14:08:02] merlin-logger.DEBUG: Term 6 remapped to 6 [] []
[2022-02-02 14:08:02] merlin-logger.INFO: Imported "material" (post_tag) [] []
[2022-02-02 14:08:02] merlin-logger.DEBUG: Term 13 remapped to 7 [] []
[2022-02-02 14:08:02] merlin-logger.INFO: Imported "medium" (post_tag) [] []
[2022-02-02 14:08:02] merlin-logger.DEBUG: Term 12 remapped to 8 [] []
[2022-02-02 14:08:02] merlin-logger.INFO: Imported "noimages" (post_tag) [] []
[2022-02-02 14:08:02] merlin-logger.DEBUG: Term 10 remapped to 9 [] []
[2022-02-02 14:08:02] merlin-logger.INFO: Imported "paper" (post_tag) [] []
[2022-02-02 14:08:02] merlin-logger.DEBUG: Term 14 remapped to 10 [] []
[2022-02-02 14:08:02] merlin-logger.INFO: Imported "stories" (post_tag) [] []
[2022-02-02 14:08:02] merlin-logger.DEBUG: Term 8 remapped to 11 [] []
[2022-02-02 14:08:02] merlin-logger.INFO: Imported "text based" (post_tag) [] []
[2022-02-02 14:08:02] merlin-logger.DEBUG: Term 15 remapped to 12 [] []
[2022-02-02 14:08:02] merlin-logger.INFO: Imported "typography" (post_tag) [] []
[2022-02-02 14:08:02] merlin-logger.DEBUG: Term 11 remapped to 13 [] []
[2022-02-02 14:08:02] merlin-logger.INFO: Imported "writing" (post_tag) [] []
[2022-02-02 14:08:02] merlin-logger.DEBUG: Term 9 remapped to 14 [] []
[2022-02-02 14:08:02] merlin-logger.WARNING: Failed to import pa_color Black [] []
[2022-02-02 14:08:02] merlin-logger.DEBUG: Invalid taxonomy. [] []
[2022-02-02 14:08:02] merlin-logger.WARNING: Failed to import pa_color Blue [] []
[2022-02-02 14:08:02] merlin-logger.DEBUG: Invalid taxonomy. [] []
[2022-02-02 14:08:02] merlin-logger.WARNING: Failed to import product_visibility exclude-from-catalog [] []
[2022-02-02 14:08:02] merlin-logger.DEBUG: Invalid taxonomy. [] []
[2022-02-02 14:08:02] merlin-logger.WARNING: Failed to import product_visibility exclude-from-search [] []
[2022-02-02 14:08:02] merlin-logger.DEBUG: Invalid taxonomy. [] []
[2022-02-02 14:08:02] merlin-logger.WARNING: Failed to import product_type external [] []
[2022-02-02 14:08:02] merlin-logger.DEBUG: Invalid taxonomy. [] []
[2022-02-02 14:08:02] merlin-logger.WARNING: Failed to import product_visibility featured [] []
[2022-02-02 14:08:02] merlin-logger.DEBUG: Invalid taxonomy. [] []
[2022-02-02 14:08:02] merlin-logger.WARNING: Failed to import pa_color Green [] []
[2022-02-02 14:08:02] merlin-logger.DEBUG: Invalid taxonomy. [] []
[2022-02-02 14:08:02] merlin-logger.WARNING: Failed to import product_type grouped [] []
[2022-02-02 14:08:02] merlin-logger.DEBUG: Invalid taxonomy. [] []
[2022-02-02 14:08:02] merlin-logger.WARNING: Failed to import author meks1 [] []
[2022-02-02 14:08:02] merlin-logger.DEBUG: Invalid taxonomy. [] []
[2022-02-02 14:08:02] merlin-logger.WARNING: Failed to import author meks2 [] []
[2022-02-02 14:08:02] merlin-logger.DEBUG: Invalid taxonomy. [] []
[2022-02-02 14:08:02] merlin-logger.WARNING: Failed to import product_visibility outofstock [] []
[2022-02-02 14:08:02] merlin-logger.DEBUG: Invalid taxonomy. [] []
[2022-02-02 14:08:02] merlin-logger.WARNING: Failed to import product_visibility rated-1 [] []
[2022-02-02 14:08:02] merlin-logger.DEBUG: Invalid taxonomy. [] []
[2022-02-02 14:08:02] merlin-logger.WARNING: Failed to import product_visibility rated-2 [] []
[2022-02-02 14:08:02] merlin-logger.DEBUG: Invalid taxonomy. [] []
[2022-02-02 14:08:02] merlin-logger.WARNING: Failed to import product_visibility rated-3 [] []
[2022-02-02 14:08:02] merlin-logger.DEBUG: Invalid taxonomy. [] []
[2022-02-02 14:08:02] merlin-logger.WARNING: Failed to import product_visibility rated-4 [] []
[2022-02-02 14:08:02] merlin-logger.DEBUG: Invalid taxonomy. [] []
[2022-02-02 14:08:02] merlin-logger.WARNING: Failed to import product_visibility rated-5 [] []
[2022-02-02 14:08:02] merlin-logger.DEBUG: Invalid taxonomy. [] []
[2022-02-02 14:08:02] merlin-logger.WARNING: Failed to import product_type simple [] []
[2022-02-02 14:08:02] merlin-logger.DEBUG: Invalid taxonomy. [] []
[2022-02-02 14:08:02] merlin-logger.WARNING: Failed to import author skemresu [] []
[2022-02-02 14:08:02] merlin-logger.DEBUG: Invalid taxonomy. [] []
[2022-02-02 14:08:02] merlin-logger.WARNING: Failed to import product_cat Uncategorized [] []
[2022-02-02 14:08:02] merlin-logger.DEBUG: Invalid taxonomy. [] []
[2022-02-02 14:08:02] merlin-logger.WARNING: Failed to import product_type variable [] []
[2022-02-02 14:08:02] merlin-logger.DEBUG: Invalid taxonomy. [] []
[2022-02-02 14:08:02] merlin-logger.WARNING: Failed to import product_cat Clothing [] []
[2022-02-02 14:08:02] merlin-logger.DEBUG: Invalid taxonomy. [] []
[2022-02-02 14:08:02] merlin-logger.WARNING: Failed to import product_cat Hoodies [] []
[2022-02-02 14:08:02] merlin-logger.DEBUG: Invalid taxonomy. [] []
[2022-02-02 14:08:02] merlin-logger.WARNING: Failed to import product_cat Music [] []
[2022-02-02 14:08:02] merlin-logger.DEBUG: Invalid taxonomy. [] []
[2022-02-02 14:08:02] merlin-logger.WARNING: Failed to import product_cat Posters [] []
[2022-02-02 14:08:02] merlin-logger.DEBUG: Invalid taxonomy. [] []
[2022-02-02 14:08:02] merlin-logger.WARNING: Failed to import product_cat Singles [] []
[2022-02-02 14:08:02] merlin-logger.DEBUG: Invalid taxonomy. [] []
[2022-02-02 14:08:02] merlin-logger.WARNING: Failed to import product_cat T-shirts [] []
[2022-02-02 14:08:02] merlin-logger.DEBUG: Invalid taxonomy. [] []
[2022-02-02 14:08:02] merlin-logger.WARNING: Failed to import product_cat Albums [] []
[2022-02-02 14:08:02] merlin-logger.DEBUG: Invalid taxonomy. [] []
[2022-02-02 14:08:02] merlin-logger.INFO: Imported "Main Menu" (nav_menu) [] []
[2022-02-02 14:08:02] merlin-logger.DEBUG: Term 7 remapped to 15 [] []
[2022-02-02 14:08:02] merlin-logger.INFO: Imported "Social" (nav_menu) [] []
[2022-02-02 14:08:02] merlin-logger.DEBUG: Term 39 remapped to 16 [] []
[2022-02-02 14:08:02] merlin-logger.INFO: Imported " 				Home		" (Page) [] []
[2022-02-02 14:08:02] merlin-logger.DEBUG: Post 35 remapped to 35 [] []
[2022-02-02 14:08:02] merlin-logger.INFO: Imported " 				Category		" (Navigation Menu Item) [] []
[2022-02-02 14:08:02] merlin-logger.DEBUG: Post 59 remapped to 59 [] []
[2022-02-02 14:08:02] merlin-logger.DEBUG: Processing menu item taxonomy [] []
[2022-02-02 14:08:02] merlin-logger.DEBUG: Menu item 2 mapped to 4 [] []
[2022-02-02 14:08:02] merlin-logger.INFO: Imported " 				Features		" (Navigation Menu Item) [] []
[2022-02-02 14:08:02] merlin-logger.DEBUG: Post 63 remapped to 63 [] []
[2022-02-02 14:08:02] merlin-logger.DEBUG: Processing menu item custom [] []
[2022-02-02 14:08:02] merlin-logger.DEBUG: Menu item 63 mapped to 63 [] []
[2022-02-02 14:08:02] merlin-logger.INFO: Imported " 				Styleguide		" (Page) [] []
[2022-02-02 14:08:02] merlin-logger.DEBUG: Post 65 remapped to 65 [] []
[2022-02-02 14:08:02] merlin-logger.INFO: Imported " 						" (Navigation Menu Item) [] []
[2022-02-02 14:08:02] merlin-logger.DEBUG: Post 67 remapped to 67 [] []
[2022-02-02 14:08:02] merlin-logger.DEBUG: Processing menu item post_type [] []
[2022-02-02 14:08:02] merlin-logger.DEBUG: Menu item 65 mapped to 65 [] []
[2022-02-02 14:08:02] merlin-logger.INFO: Imported " 				Contact		" (Page) [] []
[2022-02-02 14:08:02] merlin-logger.DEBUG: Post 170 remapped to 170 [] []
[2022-02-02 14:08:02] merlin-logger.INFO: Imported " 						" (Navigation Menu Item) [] []
[2022-02-02 14:08:02] merlin-logger.DEBUG: Post 193 remapped to 193 [] []
[2022-02-02 14:08:02] merlin-logger.DEBUG: Processing menu item post_type [] []
[2022-02-02 14:08:02] merlin-logger.DEBUG: Menu item 170 mapped to 170 [] []
[2022-02-02 14:08:02] merlin-logger.INFO: Imported " 				Shortcodes		" (Page) [] []
[2022-02-02 14:08:02] merlin-logger.DEBUG: Post 194 remapped to 194 [] []
[2022-02-02 14:08:03] merlin-logger.INFO: Imported " 						" (Navigation Menu Item) [] []
[2022-02-02 14:08:03] merlin-logger.DEBUG: Post 196 remapped to 196 [] []
[2022-02-02 14:08:03] merlin-logger.DEBUG: Processing menu item post_type [] []
[2022-02-02 14:08:03] merlin-logger.DEBUG: Menu item 194 mapped to 194 [] []
[2022-02-02 14:08:03] merlin-logger.INFO: Imported " 				Sample Page		" (Page) [] []
[2022-02-02 14:08:03] merlin-logger.DEBUG: Post 202 remapped to 202 [] []
[2022-02-02 14:08:03] merlin-logger.INFO: Imported " 				Standard and Custom Widgets		" (Page) [] []
[2022-02-02 14:08:03] merlin-logger.DEBUG: Post 273 remapped to 273 [] []
[2022-02-02 14:08:03] merlin-logger.INFO: Imported " 				Shop		" (Page) [] []
[2022-02-02 14:08:03] merlin-logger.DEBUG: Post 332 remapped to 332 [] []
[2022-02-02 14:08:03] merlin-logger.INFO: Imported " 				Cart		" (Page) [] []
[2022-02-02 14:08:03] merlin-logger.DEBUG: Post 333 remapped to 333 [] []
[2022-02-02 14:08:03] merlin-logger.INFO: Imported " 				Facebook		" (Navigation Menu Item) [] []
[2022-02-02 14:08:03] merlin-logger.DEBUG: Post 380 remapped to 380 [] []
[2022-02-02 14:08:03] merlin-logger.DEBUG: Processing menu item custom [] []
[2022-02-02 14:08:03] merlin-logger.DEBUG: Menu item 380 mapped to 380 [] []
[2022-02-02 14:08:03] merlin-logger.INFO: Imported " 				Twitter		" (Navigation Menu Item) [] []
[2022-02-02 14:08:03] merlin-logger.DEBUG: Post 381 remapped to 381 [] []
[2022-02-02 14:08:03] merlin-logger.DEBUG: Processing menu item custom [] []
[2022-02-02 14:08:03] merlin-logger.DEBUG: Menu item 381 mapped to 381 [] []
[2022-02-02 14:08:03] merlin-logger.INFO: Imported " 				Instagram		" (Navigation Menu Item) [] []
[2022-02-02 14:08:03] merlin-logger.DEBUG: Post 382 remapped to 382 [] []
[2022-02-02 14:08:03] merlin-logger.DEBUG: Processing menu item custom [] []
[2022-02-02 14:08:03] merlin-logger.DEBUG: Menu item 382 mapped to 382 [] []
[2022-02-02 14:08:03] merlin-logger.INFO: Imported " 				WordPress 5.0 blocks		" (Navigation Menu Item) [] []
[2022-02-02 14:08:03] merlin-logger.DEBUG: Post 433 remapped to 433 [] []
[2022-02-02 14:08:03] merlin-logger.DEBUG: Processing menu item post_type [] []
[2022-02-02 14:08:03] merlin-logger.INFO: Imported " 				Page		" (Navigation Menu Item) [] []
[2022-02-02 14:08:03] merlin-logger.DEBUG: Post 474 remapped to 474 [] []
[2022-02-02 14:08:03] merlin-logger.DEBUG: Processing menu item post_type [] []
[2022-02-02 14:08:03] merlin-logger.DEBUG: Menu item 202 mapped to 202 [] []
[2022-02-02 14:08:03] merlin-logger.INFO: Imported " 				Post		" (Navigation Menu Item) [] []
[2022-02-02 14:08:03] merlin-logger.DEBUG: Post 475 remapped to 475 [] []
[2022-02-02 14:08:03] merlin-logger.DEBUG: Processing menu item post_type [] []
[2022-02-02 14:08:03] merlin-logger.INFO: Imported " 						" (Navigation Menu Item) [] []
[2022-02-02 14:08:03] merlin-logger.DEBUG: Post 476 remapped to 476 [] []
[2022-02-02 14:08:03] merlin-logger.DEBUG: Processing menu item post_type [] []
[2022-02-02 14:08:03] merlin-logger.DEBUG: Menu item 35 mapped to 35 [] []
[2022-02-02 14:08:03] merlin-logger.INFO: Imported " 				The last time I felt it was a long time ago		" (Post) [] []
[2022-02-02 14:08:03] merlin-logger.DEBUG: Post 4 remapped to 477 [] []
[2022-02-02 14:08:03] merlin-logger.INFO: Imported " 				The plans will soon be back in our hands		" (Post) [] []
[2022-02-02 14:08:03] merlin-logger.DEBUG: Post 9 remapped to 9 [] []
[2022-02-02 14:08:03] merlin-logger.INFO: Imported " 				He must have hidden the plans in the pod		" (Post) [] []
[2022-02-02 14:08:03] merlin-logger.DEBUG: Post 11 remapped to 11 [] []
[2022-02-02 14:08:03] merlin-logger.INFO: Imported " 				She is my only link to finding the secret base		" (Post) [] []
[2022-02-02 14:08:03] merlin-logger.DEBUG: Post 13 remapped to 13 [] []
[2022-02-02 14:08:03] merlin-logger.INFO: Imported " 				You need to learn the ways of the Force		" (Post) [] []
[2022-02-02 14:08:03] merlin-logger.DEBUG: Post 15 remapped to 15 [] []
[2022-02-02 14:08:03] merlin-logger.INFO: Imported " 				There's an energy field that controls destiny		" (Post) [] []
[2022-02-02 14:08:03] merlin-logger.DEBUG: Post 17 remapped to 17 [] []
[2022-02-02 14:08:03] merlin-logger.INFO: Imported " 				Saving the world with meals on wheels		" (Post) [] []
[2022-02-02 14:08:03] merlin-logger.DEBUG: Post 19 remapped to 19 [] []
[2022-02-02 14:08:03] merlin-logger.INFO: Imported " 				Give a little credit to our public schools		" (Post) [] []
[2022-02-02 14:08:03] merlin-logger.DEBUG: Post 26 remapped to 26 [] []
[2022-02-02 14:08:03] merlin-logger.INFO: Imported " 				Have you ever tried turning off the TV?		" (Post) [] []
[2022-02-02 14:08:03] merlin-logger.DEBUG: Post 30 remapped to 30 [] []
[2022-02-02 14:08:03] merlin-logger.INFO: Imported " 				Just like the story of the grasshopper		" (Post) [] []
[2022-02-02 14:08:03] merlin-logger.DEBUG: Post 32 remapped to 32 [] []
[2022-02-02 14:08:03] merlin-logger.INFO: Imported " 				On second thoughts let's not go there		" (Post) [] []
[2022-02-02 14:08:03] merlin-logger.DEBUG: Post 113 remapped to 113 [] []
[2022-02-02 14:08:03] merlin-logger.INFO: Imported " 				This habit will immediately improve your life		" (Post) [] []
[2022-02-02 14:08:03] merlin-logger.DEBUG: Post 121 remapped to 121 [] []
[2022-02-02 14:08:03] merlin-logger.INFO: Imported " 				You should start running right now		" (Post) [] []
[2022-02-02 14:08:03] merlin-logger.DEBUG: Post 125 remapped to 125 [] []
[2022-02-02 14:08:03] merlin-logger.INFO: Imported " 				Lessons I’ve learned by staying positive		" (Post) [] []
[2022-02-02 14:08:03] merlin-logger.DEBUG: Post 127 remapped to 127 [] []
[2022-02-02 14:08:04] merlin-logger.INFO: Imported " 				Why do people think clouds are interesting?		" (Post) [] []
[2022-02-02 14:08:04] merlin-logger.DEBUG: Post 131 remapped to 131 [] []
[2022-02-02 14:08:04] merlin-logger.INFO: Imported " 				Take your music with you everywhere		" (Post) [] []
[2022-02-02 14:08:04] merlin-logger.DEBUG: Post 136 remapped to 136 [] []
[2022-02-02 14:08:04] merlin-logger.INFO: Imported " 				Your questions have become more redundant		" (Post) [] []
[2022-02-02 14:08:04] merlin-logger.DEBUG: Post 182 remapped to 182 [] []
[2022-02-02 14:08:04] merlin-logger.INFO: Imported " 				Checkout		" (Page) [] []
[2022-02-02 14:08:04] merlin-logger.DEBUG: Post 334 remapped to 334 [] []
[2022-02-02 14:08:04] merlin-logger.INFO: Imported " 				My account		" (Page) [] []
[2022-02-02 14:08:04] merlin-logger.DEBUG: Post 335 remapped to 335 [] []
[2022-02-02 14:08:04] merlin-logger.INFO: Imported " 				Blocks (WP 5.0+ / Gutenberg)		" (Page) [] []
[2022-02-02 14:08:04] merlin-logger.DEBUG: Post 404 remapped to 404 [] []
[2022-02-02 14:08:04] merlin-logger.INFO: Imported " 				What could possibly go wrong?		" (Post) [] []
[2022-02-02 14:08:04] merlin-logger.DEBUG: Post 21 remapped to 21 [] []
[2022-02-02 14:08:04] merlin-logger.WARNING: Failed to import " 				Ship Your Idea		": Invalid post type product [] []
[2022-02-02 14:08:04] merlin-logger.INFO: Imported " 				She was having the most beautiful dream		" (Post) [] []
[2022-02-02 14:08:04] merlin-logger.DEBUG: Post 28 remapped to 28 [] []
[2022-02-02 14:08:04] merlin-logger.WARNING: Failed to import " 				Ninja Silhouette		": Invalid post type product [] []
[2022-02-02 14:08:04] merlin-logger.WARNING: Failed to import " 				Woo Ninja		": Invalid post type product [] []
[2022-02-02 14:08:04] merlin-logger.WARNING: Failed to import " 				Happy Ninja		": Invalid post type product [] []
[2022-02-02 14:08:04] merlin-logger.WARNING: Failed to import " 				Ship Your Idea		": Invalid post type product [] []
[2022-02-02 14:08:04] merlin-logger.INFO: Imported " 				A beautiful blog with no images required		" (Post) [] []
[2022-02-02 14:08:04] merlin-logger.DEBUG: Post 47 remapped to 47 [] []
[2022-02-02 14:08:04] merlin-logger.INFO: Imported " 				Something that I've never told anyone before		" (Post) [] []
[2022-02-02 14:08:04] merlin-logger.DEBUG: Post 101 remapped to 101 [] []
[2022-02-02 14:08:04] merlin-logger.INFO: Imported " 				This man is a knight in shining armor		" (Post) [] []
[2022-02-02 14:08:04] merlin-logger.DEBUG: Post 103 remapped to 103 [] []
[2022-02-02 14:08:04] merlin-logger.INFO: Imported " 				Finding a needle in a haystack isn't hard		" (Post) [] []
[2022-02-02 14:08:04] merlin-logger.DEBUG: Post 105 remapped to 105 [] []
[2022-02-02 14:08:04] merlin-logger.INFO: Imported " 				There's only one man I've ever called a coward		" (Post) [] []
[2022-02-02 14:08:04] merlin-logger.DEBUG: Post 107 remapped to 107 [] []
[2022-02-02 14:08:04] merlin-logger.INFO: Imported " 				Are you suggesting that coconuts migrate?		" (Post) [] []
[2022-02-02 14:08:04] merlin-logger.DEBUG: Post 109 remapped to 109 [] []
[2022-02-02 14:08:04] merlin-logger.INFO: Imported " 				Now leave before I am forced to taunt you		" (Post) [] []
[2022-02-02 14:08:04] merlin-logger.DEBUG: Post 111 remapped to 111 [] []
[2022-02-02 14:08:04] merlin-logger.INFO: Imported " 				Knights, I bid you welcome to your new home		" (Post) [] []
[2022-02-02 14:08:04] merlin-logger.DEBUG: Post 115 remapped to 115 [] []
[2022-02-02 14:08:04] merlin-logger.INFO: Imported " 				Coffee may be served in a variety of ways		" (Post) [] []
[2022-02-02 14:08:04] merlin-logger.DEBUG: Post 117 remapped to 117 [] []
[2022-02-02 14:08:04] merlin-logger.INFO: Imported " 				The simplest ways to choose the best coffee		" (Post) [] []
[2022-02-02 14:08:04] merlin-logger.DEBUG: Post 129 remapped to 129 [] []
[2022-02-02 14:08:04] merlin-logger.INFO: Imported " 				What does your pet really think about you?		" (Post) [] []
[2022-02-02 14:08:04] merlin-logger.DEBUG: Post 134 remapped to 134 [] []
[2022-02-02 14:08:04] merlin-logger.WARNING: Failed to import " 				Woo Logo		": Invalid post type product [] []
[2022-02-02 14:08:04] merlin-logger.WARNING: Failed to import " 				Premium Quality		": Invalid post type product [] []
[2022-02-02 14:08:04] merlin-logger.WARNING: Failed to import " 				Ship Your Idea - Black		": Invalid post type product_variation [] []
[2022-02-02 14:08:04] merlin-logger.WARNING: Failed to import " 				Ship Your Idea - Green		": Invalid post type product_variation [] []
[2022-02-02 14:08:04] merlin-logger.WARNING: Failed to import " 				Ship Your Idea - Black		": Invalid post type product_variation [] []
[2022-02-02 14:08:04] merlin-logger.WARNING: Failed to import " 				Ship Your Idea - Blue		": Invalid post type product_variation [] []
[2022-02-02 14:08:04] merlin-logger.WARNING: Failed to import " 				Patient Ninja		": Invalid post type product [] []
[2022-02-02 14:08:04] merlin-logger.WARNING: Failed to import " 				Happy Ninja		": Invalid post type product [] []
[2022-02-02 14:08:04] merlin-logger.WARNING: Failed to import " 				Ninja Silhouette		": Invalid post type product [] []
[2022-02-02 14:08:04] merlin-logger.WARNING: Failed to import " 				Flying Ninja		": Invalid post type product [] []
[2022-02-02 14:08:04] merlin-logger.WARNING: Failed to import " 				Premium Quality		": Invalid post type product [] []
[2022-02-02 14:08:04] merlin-logger.WARNING: Failed to import " 				Woo Ninja		": Invalid post type product [] []
[2022-02-02 14:08:04] merlin-logger.WARNING: Failed to import " 				Woo Logo		": Invalid post type product [] []
[2022-02-02 14:08:04] merlin-logger.WARNING: Failed to import " 				Woo Single #2		": Invalid post type product [] []
[2022-02-02 14:08:04] merlin-logger.WARNING: Failed to import " 				Woo Ninja		": Invalid post type product [] []
[2022-02-02 14:08:04] merlin-logger.WARNING: Failed to import " 				Woo Logo		": Invalid post type product [] []
[2022-02-02 14:08:04] merlin-logger.WARNING: Failed to import " 				Ship Your Idea		": Invalid post type product [] []
[2022-02-02 14:08:04] merlin-logger.WARNING: Failed to import " 				Woo Album #1		": Invalid post type product [] []
[2022-02-02 14:08:04] merlin-logger.WARNING: Failed to import " 				Woo Album #2		": Invalid post type product [] []
[2022-02-02 14:08:04] merlin-logger.WARNING: Failed to import " 				Woo Album #3		": Invalid post type product [] []
[2022-02-02 14:08:04] merlin-logger.WARNING: Failed to import " 				Woo Single #1		": Invalid post type product [] []
[2022-02-02 14:08:04] merlin-logger.WARNING: Failed to import " 				Woo Album #4		": Invalid post type product [] []
[2022-02-02 14:08:04] merlin-logger.WARNING: Failed to import " 				Contact form 1		": Invalid post type wpcf7_contact_form [] []
[2022-02-02 14:08:04] merlin-logger.DEBUG: Running post-processing for post 35 [] []
[2022-02-02 14:08:04] merlin-logger.WARNING: Could not find the author for "Home" (post #35) [] []
[2022-02-02 14:08:04] merlin-logger.DEBUG: Post 35 was imported with author "TanvirA_02", but could not be found [] []
[2022-02-02 14:08:04] merlin-logger.DEBUG: Post 35 was marked for post-processing, but none was required. [] []
[2022-02-02 14:08:04] merlin-logger.DEBUG: Running post-processing for post 59 [] []
[2022-02-02 14:08:04] merlin-logger.WARNING: Could not find the author for "Category" (post #59) [] []
[2022-02-02 14:08:04] merlin-logger.DEBUG: Post 59 was imported with author "TanvirA_02", but could not be found [] []
[2022-02-02 14:08:04] merlin-logger.DEBUG: Post 59 was marked for post-processing, but none was required. [] []
[2022-02-02 14:08:04] merlin-logger.DEBUG: Running post-processing for post 63 [] []
[2022-02-02 14:08:04] merlin-logger.WARNING: Could not find the author for "Features" (post #63) [] []
[2022-02-02 14:08:04] merlin-logger.DEBUG: Post 63 was imported with author "TanvirA_02", but could not be found [] []
[2022-02-02 14:08:04] merlin-logger.DEBUG: Post 63 was marked for post-processing, but none was required. [] []
[2022-02-02 14:08:04] merlin-logger.DEBUG: Running post-processing for post 65 [] []
[2022-02-02 14:08:04] merlin-logger.WARNING: Could not find the author for "Styleguide" (post #65) [] []
[2022-02-02 14:08:04] merlin-logger.DEBUG: Post 65 was imported with author "TanvirA_02", but could not be found [] []
[2022-02-02 14:08:04] merlin-logger.DEBUG: Post 65 was marked for post-processing, but none was required. [] []
[2022-02-02 14:08:04] merlin-logger.DEBUG: Running post-processing for post 67 [] []
[2022-02-02 14:08:04] merlin-logger.WARNING: Could not find the author for "" (post #67) [] []
[2022-02-02 14:08:04] merlin-logger.DEBUG: Post 67 was imported with author "TanvirA_02", but could not be found [] []
[2022-02-02 14:08:04] merlin-logger.DEBUG: Post 67 was marked for post-processing, but none was required. [] []
[2022-02-02 14:08:04] merlin-logger.DEBUG: Running post-processing for post 170 [] []
[2022-02-02 14:08:04] merlin-logger.WARNING: Could not find the author for "Contact" (post #170) [] []
[2022-02-02 14:08:04] merlin-logger.DEBUG: Post 170 was imported with author "TanvirA_02", but could not be found [] []
[2022-02-02 14:08:04] merlin-logger.DEBUG: Post 170 was marked for post-processing, but none was required. [] []
[2022-02-02 14:08:04] merlin-logger.DEBUG: Running post-processing for post 193 [] []
[2022-02-02 14:08:04] merlin-logger.WARNING: Could not find the author for "" (post #193) [] []
[2022-02-02 14:08:04] merlin-logger.DEBUG: Post 193 was imported with author "TanvirA_02", but could not be found [] []
[2022-02-02 14:08:04] merlin-logger.DEBUG: Post 193 was marked for post-processing, but none was required. [] []
[2022-02-02 14:08:04] merlin-logger.DEBUG: Running post-processing for post 194 [] []
[2022-02-02 14:08:04] merlin-logger.WARNING: Could not find the author for "Shortcodes" (post #194) [] []
[2022-02-02 14:08:04] merlin-logger.DEBUG: Post 194 was imported with author "TanvirA_02", but could not be found [] []
[2022-02-02 14:08:04] merlin-logger.DEBUG: Post 194 was marked for post-processing, but none was required. [] []
[2022-02-02 14:08:04] merlin-logger.DEBUG: Running post-processing for post 196 [] []
[2022-02-02 14:08:04] merlin-logger.WARNING: Could not find the author for "" (post #196) [] []
[2022-02-02 14:08:04] merlin-logger.DEBUG: Post 196 was imported with author "TanvirA_02", but could not be found [] []
[2022-02-02 14:08:04] merlin-logger.DEBUG: Post 196 was marked for post-processing, but none was required. [] []
[2022-02-02 14:08:04] merlin-logger.DEBUG: Running post-processing for post 202 [] []
[2022-02-02 14:08:04] merlin-logger.WARNING: Could not find the author for "Sample Page" (post #202) [] []
[2022-02-02 14:08:04] merlin-logger.DEBUG: Post 202 was imported with author "TanvirA_02", but could not be found [] []
[2022-02-02 14:08:04] merlin-logger.DEBUG: Post 202 was marked for post-processing, but none was required. [] []
[2022-02-02 14:08:04] merlin-logger.DEBUG: Running post-processing for post 273 [] []
[2022-02-02 14:08:04] merlin-logger.WARNING: Could not find the author for "Standard and Custom Widgets" (post #273) [] []
[2022-02-02 14:08:04] merlin-logger.DEBUG: Post 273 was imported with author "TanvirA_02", but could not be found [] []
[2022-02-02 14:08:04] merlin-logger.DEBUG: Post 273 was marked for post-processing, but none was required. [] []
[2022-02-02 14:08:04] merlin-logger.DEBUG: Running post-processing for post 332 [] []
[2022-02-02 14:08:04] merlin-logger.WARNING: Could not find the author for "Shop" (post #332) [] []
[2022-02-02 14:08:04] merlin-logger.DEBUG: Post 332 was imported with author "TanvirA_02", but could not be found [] []
[2022-02-02 14:08:04] merlin-logger.DEBUG: Post 332 was marked for post-processing, but none was required. [] []
[2022-02-02 14:08:04] merlin-logger.DEBUG: Running post-processing for post 333 [] []
[2022-02-02 14:08:04] merlin-logger.WARNING: Could not find the author for "Cart" (post #333) [] []
[2022-02-02 14:08:04] merlin-logger.DEBUG: Post 333 was imported with author "TanvirA_02", but could not be found [] []
[2022-02-02 14:08:04] merlin-logger.DEBUG: Post 333 was marked for post-processing, but none was required. [] []
[2022-02-02 14:08:04] merlin-logger.DEBUG: Running post-processing for post 380 [] []
[2022-02-02 14:08:04] merlin-logger.WARNING: Could not find the author for "Facebook" (post #380) [] []
[2022-02-02 14:08:04] merlin-logger.DEBUG: Post 380 was imported with author "TanvirA_02", but could not be found [] []
[2022-02-02 14:08:04] merlin-logger.DEBUG: Post 380 was marked for post-processing, but none was required. [] []
[2022-02-02 14:08:04] merlin-logger.DEBUG: Running post-processing for post 381 [] []
[2022-02-02 14:08:04] merlin-logger.WARNING: Could not find the author for "Twitter" (post #381) [] []
[2022-02-02 14:08:04] merlin-logger.DEBUG: Post 381 was imported with author "TanvirA_02", but could not be found [] []
[2022-02-02 14:08:04] merlin-logger.DEBUG: Post 381 was marked for post-processing, but none was required. [] []
[2022-02-02 14:08:04] merlin-logger.DEBUG: Running post-processing for post 382 [] []
[2022-02-02 14:08:04] merlin-logger.WARNING: Could not find the author for "Instagram" (post #382) [] []
[2022-02-02 14:08:04] merlin-logger.DEBUG: Post 382 was imported with author "TanvirA_02", but could not be found [] []
[2022-02-02 14:08:04] merlin-logger.DEBUG: Post 382 was marked for post-processing, but none was required. [] []
[2022-02-02 14:08:04] merlin-logger.DEBUG: Running post-processing for post 433 [] []
[2022-02-02 14:08:04] merlin-logger.WARNING: Could not find the author for "WordPress 5.0 blocks" (post #433) [] []
[2022-02-02 14:08:04] merlin-logger.DEBUG: Post 433 was imported with author "TanvirA_02", but could not be found [] []
[2022-02-02 14:08:04] merlin-logger.DEBUG: Post 433 was marked for post-processing, but none was required. [] []
[2022-02-02 14:08:04] merlin-logger.DEBUG: Running post-processing for post 474 [] []
[2022-02-02 14:08:04] merlin-logger.WARNING: Could not find the author for "Page" (post #474) [] []
[2022-02-02 14:08:04] merlin-logger.DEBUG: Post 474 was imported with author "TanvirA_02", but could not be found [] []
[2022-02-02 14:08:04] merlin-logger.DEBUG: Post 474 was marked for post-processing, but none was required. [] []
[2022-02-02 14:08:04] merlin-logger.DEBUG: Running post-processing for post 475 [] []
[2022-02-02 14:08:04] merlin-logger.WARNING: Could not find the author for "Post" (post #475) [] []
[2022-02-02 14:08:04] merlin-logger.DEBUG: Post 475 was imported with author "TanvirA_02", but could not be found [] []
[2022-02-02 14:08:04] merlin-logger.DEBUG: Post 475 was marked for post-processing, but none was required. [] []
[2022-02-02 14:08:04] merlin-logger.DEBUG: Running post-processing for post 476 [] []
[2022-02-02 14:08:04] merlin-logger.WARNING: Could not find the author for "" (post #476) [] []
[2022-02-02 14:08:04] merlin-logger.DEBUG: Post 476 was imported with author "TanvirA_02", but could not be found [] []
[2022-02-02 14:08:04] merlin-logger.DEBUG: Post 476 was marked for post-processing, but none was required. [] []
[2022-02-02 14:08:04] merlin-logger.DEBUG: Running post-processing for post 477 [] []
[2022-02-02 14:08:04] merlin-logger.WARNING: Could not find the author for "The last time I felt it was a long time ago" (post #477) [] []
[2022-02-02 14:08:04] merlin-logger.DEBUG: Post 477 was imported with author "TanvirA_02", but could not be found [] []
[2022-02-02 14:08:04] merlin-logger.DEBUG: Post 477 was marked for post-processing, but none was required. [] []
[2022-02-02 14:08:04] merlin-logger.DEBUG: Running post-processing for post 9 [] []
[2022-02-02 14:08:04] merlin-logger.WARNING: Could not find the author for "The plans will soon be back in our hands" (post #9) [] []
[2022-02-02 14:08:04] merlin-logger.DEBUG: Post 9 was imported with author "TanvirA_02", but could not be found [] []
[2022-02-02 14:08:04] merlin-logger.DEBUG: Post 9 was marked for post-processing, but none was required. [] []
[2022-02-02 14:08:04] merlin-logger.DEBUG: Running post-processing for post 11 [] []
[2022-02-02 14:08:04] merlin-logger.WARNING: Could not find the author for "He must have hidden the plans in the pod" (post #11) [] []
[2022-02-02 14:08:04] merlin-logger.DEBUG: Post 11 was imported with author "TanvirA_02", but could not be found [] []
[2022-02-02 14:08:04] merlin-logger.DEBUG: Post 11 was marked for post-processing, but none was required. [] []
[2022-02-02 14:08:04] merlin-logger.DEBUG: Running post-processing for post 13 [] []
[2022-02-02 14:08:04] merlin-logger.WARNING: Could not find the author for "She is my only link to finding the secret base" (post #13) [] []
[2022-02-02 14:08:04] merlin-logger.DEBUG: Post 13 was imported with author "TanvirA_02", but could not be found [] []
[2022-02-02 14:08:04] merlin-logger.DEBUG: Post 13 was marked for post-processing, but none was required. [] []
[2022-02-02 14:08:04] merlin-logger.DEBUG: Running post-processing for post 15 [] []
[2022-02-02 14:08:04] merlin-logger.WARNING: Could not find the author for "You need to learn the ways of the Force" (post #15) [] []
[2022-02-02 14:08:04] merlin-logger.DEBUG: Post 15 was imported with author "TanvirA_02", but could not be found [] []
[2022-02-02 14:08:04] merlin-logger.DEBUG: Post 15 was marked for post-processing, but none was required. [] []
[2022-02-02 14:08:04] merlin-logger.DEBUG: Running post-processing for post 17 [] []
[2022-02-02 14:08:04] merlin-logger.WARNING: Could not find the author for "There&#8217;s an energy field that controls destiny" (post #17) [] []
[2022-02-02 14:08:04] merlin-logger.DEBUG: Post 17 was imported with author "TanvirA_02", but could not be found [] []
[2022-02-02 14:08:04] merlin-logger.DEBUG: Post 17 was marked for post-processing, but none was required. [] []
[2022-02-02 14:08:04] merlin-logger.DEBUG: Running post-processing for post 19 [] []
[2022-02-02 14:08:04] merlin-logger.WARNING: Could not find the author for "Saving the world with meals on wheels" (post #19) [] []
[2022-02-02 14:08:04] merlin-logger.DEBUG: Post 19 was imported with author "TanvirA_02", but could not be found [] []
[2022-02-02 14:08:04] merlin-logger.DEBUG: Post 19 was marked for post-processing, but none was required. [] []
[2022-02-02 14:08:04] merlin-logger.DEBUG: Running post-processing for post 26 [] []
[2022-02-02 14:08:04] merlin-logger.WARNING: Could not find the author for "Give a little credit to our public schools" (post #26) [] []
[2022-02-02 14:08:04] merlin-logger.DEBUG: Post 26 was imported with author "TanvirA_02", but could not be found [] []
[2022-02-02 14:08:04] merlin-logger.DEBUG: Post 26 was marked for post-processing, but none was required. [] []
[2022-02-02 14:08:04] merlin-logger.DEBUG: Running post-processing for post 30 [] []
[2022-02-02 14:08:04] merlin-logger.WARNING: Could not find the author for "Have you ever tried turning off the TV?" (post #30) [] []
[2022-02-02 14:08:04] merlin-logger.DEBUG: Post 30 was imported with author "TanvirA_02", but could not be found [] []
[2022-02-02 14:08:04] merlin-logger.DEBUG: Post 30 was marked for post-processing, but none was required. [] []
[2022-02-02 14:08:04] merlin-logger.DEBUG: Running post-processing for post 32 [] []
[2022-02-02 14:08:04] merlin-logger.WARNING: Could not find the author for "Just like the story of the grasshopper" (post #32) [] []
[2022-02-02 14:08:04] merlin-logger.DEBUG: Post 32 was imported with author "TanvirA_02", but could not be found [] []
[2022-02-02 14:08:04] merlin-logger.DEBUG: Post 32 was marked for post-processing, but none was required. [] []
[2022-02-02 14:08:04] merlin-logger.DEBUG: Running post-processing for post 113 [] []
[2022-02-02 14:08:04] merlin-logger.WARNING: Could not find the author for "On second thoughts let&#8217;s not go there" (post #113) [] []
[2022-02-02 14:08:04] merlin-logger.DEBUG: Post 113 was imported with author "TanvirA_02", but could not be found [] []
[2022-02-02 14:08:04] merlin-logger.DEBUG: Post 113 was marked for post-processing, but none was required. [] []
[2022-02-02 14:08:04] merlin-logger.DEBUG: Running post-processing for post 121 [] []
[2022-02-02 14:08:04] merlin-logger.WARNING: Could not find the author for "This habit will immediately improve your life" (post #121) [] []
[2022-02-02 14:08:04] merlin-logger.DEBUG: Post 121 was imported with author "TanvirA_02", but could not be found [] []
[2022-02-02 14:08:04] merlin-logger.DEBUG: Post 121 was marked for post-processing, but none was required. [] []
[2022-02-02 14:08:04] merlin-logger.DEBUG: Running post-processing for post 125 [] []
[2022-02-02 14:08:04] merlin-logger.WARNING: Could not find the author for "You should start running right now" (post #125) [] []
[2022-02-02 14:08:04] merlin-logger.DEBUG: Post 125 was imported with author "TanvirA_02", but could not be found [] []
[2022-02-02 14:08:04] merlin-logger.DEBUG: Post 125 was marked for post-processing, but none was required. [] []
[2022-02-02 14:08:04] merlin-logger.DEBUG: Running post-processing for post 127 [] []
[2022-02-02 14:08:04] merlin-logger.WARNING: Could not find the author for "Lessons I’ve learned by staying positive" (post #127) [] []
[2022-02-02 14:08:04] merlin-logger.DEBUG: Post 127 was imported with author "TanvirA_02", but could not be found [] []
[2022-02-02 14:08:04] merlin-logger.DEBUG: Post 127 was marked for post-processing, but none was required. [] []
[2022-02-02 14:08:04] merlin-logger.DEBUG: Running post-processing for post 131 [] []
[2022-02-02 14:08:04] merlin-logger.WARNING: Could not find the author for "Why do people think clouds are interesting?" (post #131) [] []
[2022-02-02 14:08:04] merlin-logger.DEBUG: Post 131 was imported with author "TanvirA_02", but could not be found [] []
[2022-02-02 14:08:04] merlin-logger.DEBUG: Post 131 was marked for post-processing, but none was required. [] []
[2022-02-02 14:08:04] merlin-logger.DEBUG: Running post-processing for post 136 [] []
[2022-02-02 14:08:04] merlin-logger.WARNING: Could not find the author for "Take your music with you everywhere" (post #136) [] []
[2022-02-02 14:08:04] merlin-logger.DEBUG: Post 136 was imported with author "TanvirA_02", but could not be found [] []
[2022-02-02 14:08:04] merlin-logger.DEBUG: Post 136 was marked for post-processing, but none was required. [] []
[2022-02-02 14:08:04] merlin-logger.DEBUG: Running post-processing for post 182 [] []
[2022-02-02 14:08:04] merlin-logger.WARNING: Could not find the author for "Your questions have become more redundant" (post #182) [] []
[2022-02-02 14:08:04] merlin-logger.DEBUG: Post 182 was imported with author "TanvirA_02", but could not be found [] []
[2022-02-02 14:08:04] merlin-logger.DEBUG: Post 182 was marked for post-processing, but none was required. [] []
[2022-02-02 14:08:04] merlin-logger.DEBUG: Running post-processing for post 334 [] []
[2022-02-02 14:08:04] merlin-logger.WARNING: Could not find the author for "Checkout" (post #334) [] []
[2022-02-02 14:08:04] merlin-logger.DEBUG: Post 334 was imported with author "TanvirA_02", but could not be found [] []
[2022-02-02 14:08:04] merlin-logger.DEBUG: Post 334 was marked for post-processing, but none was required. [] []
[2022-02-02 14:08:04] merlin-logger.DEBUG: Running post-processing for post 335 [] []
[2022-02-02 14:08:04] merlin-logger.WARNING: Could not find the author for "My account" (post #335) [] []
[2022-02-02 14:08:04] merlin-logger.DEBUG: Post 335 was imported with author "TanvirA_02", but could not be found [] []
[2022-02-02 14:08:04] merlin-logger.DEBUG: Post 335 was marked for post-processing, but none was required. [] []
[2022-02-02 14:08:04] merlin-logger.DEBUG: Running post-processing for post 404 [] []
[2022-02-02 14:08:04] merlin-logger.WARNING: Could not find the author for "Blocks (WP 5.0+ / Gutenberg)" (post #404) [] []
[2022-02-02 14:08:04] merlin-logger.DEBUG: Post 404 was imported with author "TanvirA_02", but could not be found [] []
[2022-02-02 14:08:04] merlin-logger.DEBUG: Post 404 was marked for post-processing, but none was required. [] []
[2022-02-02 14:08:04] merlin-logger.DEBUG: Running post-processing for post 21 [] []
[2022-02-02 14:08:04] merlin-logger.WARNING: Could not find the author for "What could possibly go wrong?" (post #21) [] []
[2022-02-02 14:08:04] merlin-logger.DEBUG: Post 21 was imported with author "TanvirA_02", but could not be found [] []
[2022-02-02 14:08:04] merlin-logger.DEBUG: Post 21 was marked for post-processing, but none was required. [] []
[2022-02-02 14:08:04] merlin-logger.DEBUG: Running post-processing for post 28 [] []
[2022-02-02 14:08:04] merlin-logger.WARNING: Could not find the author for "She was having the most beautiful dream" (post #28) [] []
[2022-02-02 14:08:04] merlin-logger.DEBUG: Post 28 was imported with author "TanvirA_02", but could not be found [] []
[2022-02-02 14:08:04] merlin-logger.DEBUG: Post 28 was marked for post-processing, but none was required. [] []
[2022-02-02 14:08:04] merlin-logger.DEBUG: Running post-processing for post 47 [] []
[2022-02-02 14:08:04] merlin-logger.WARNING: Could not find the author for "A beautiful blog with no images required" (post #47) [] []
[2022-02-02 14:08:04] merlin-logger.DEBUG: Post 47 was imported with author "TanvirA_02", but could not be found [] []
[2022-02-02 14:08:04] merlin-logger.DEBUG: Post 47 was marked for post-processing, but none was required. [] []
[2022-02-02 14:08:04] merlin-logger.DEBUG: Running post-processing for post 101 [] []
[2022-02-02 14:08:04] merlin-logger.WARNING: Could not find the author for "Something that I&#8217;ve never told anyone before" (post #101) [] []
[2022-02-02 14:08:04] merlin-logger.DEBUG: Post 101 was imported with author "TanvirA_02", but could not be found [] []
[2022-02-02 14:08:04] merlin-logger.DEBUG: Post 101 was marked for post-processing, but none was required. [] []
[2022-02-02 14:08:04] merlin-logger.DEBUG: Running post-processing for post 103 [] []
[2022-02-02 14:08:04] merlin-logger.WARNING: Could not find the author for "This man is a knight in shining armor" (post #103) [] []
[2022-02-02 14:08:04] merlin-logger.DEBUG: Post 103 was imported with author "TanvirA_02", but could not be found [] []
[2022-02-02 14:08:04] merlin-logger.DEBUG: Post 103 was marked for post-processing, but none was required. [] []
[2022-02-02 14:08:04] merlin-logger.DEBUG: Running post-processing for post 105 [] []
[2022-02-02 14:08:04] merlin-logger.WARNING: Could not find the author for "Finding a needle in a haystack isn&#8217;t hard" (post #105) [] []
[2022-02-02 14:08:04] merlin-logger.DEBUG: Post 105 was imported with author "TanvirA_02", but could not be found [] []
[2022-02-02 14:08:04] merlin-logger.DEBUG: Post 105 was marked for post-processing, but none was required. [] []
[2022-02-02 14:08:04] merlin-logger.DEBUG: Running post-processing for post 107 [] []
[2022-02-02 14:08:04] merlin-logger.WARNING: Could not find the author for "There&#8217;s only one man I&#8217;ve ever called a coward" (post #107) [] []
[2022-02-02 14:08:04] merlin-logger.DEBUG: Post 107 was imported with author "TanvirA_02", but could not be found [] []
[2022-02-02 14:08:04] merlin-logger.DEBUG: Post 107 was marked for post-processing, but none was required. [] []
[2022-02-02 14:08:04] merlin-logger.DEBUG: Running post-processing for post 109 [] []
[2022-02-02 14:08:04] merlin-logger.WARNING: Could not find the author for "Are you suggesting that coconuts migrate?" (post #109) [] []
[2022-02-02 14:08:04] merlin-logger.DEBUG: Post 109 was imported with author "TanvirA_02", but could not be found [] []
[2022-02-02 14:08:04] merlin-logger.DEBUG: Post 109 was marked for post-processing, but none was required. [] []
[2022-02-02 14:08:04] merlin-logger.DEBUG: Running post-processing for post 111 [] []
[2022-02-02 14:08:04] merlin-logger.WARNING: Could not find the author for "Now leave before I am forced to taunt you" (post #111) [] []
[2022-02-02 14:08:04] merlin-logger.DEBUG: Post 111 was imported with author "TanvirA_02", but could not be found [] []
[2022-02-02 14:08:04] merlin-logger.DEBUG: Post 111 was marked for post-processing, but none was required. [] []
[2022-02-02 14:08:04] merlin-logger.DEBUG: Running post-processing for post 115 [] []
[2022-02-02 14:08:04] merlin-logger.WARNING: Could not find the author for "Knights, I bid you welcome to your new home" (post #115) [] []
[2022-02-02 14:08:04] merlin-logger.DEBUG: Post 115 was imported with author "TanvirA_02", but could not be found [] []
[2022-02-02 14:08:04] merlin-logger.DEBUG: Post 115 was marked for post-processing, but none was required. [] []
[2022-02-02 14:08:04] merlin-logger.DEBUG: Running post-processing for post 117 [] []
[2022-02-02 14:08:04] merlin-logger.WARNING: Could not find the author for "Coffee may be served in a variety of ways" (post #117) [] []
[2022-02-02 14:08:04] merlin-logger.DEBUG: Post 117 was imported with author "TanvirA_02", but could not be found [] []
[2022-02-02 14:08:04] merlin-logger.DEBUG: Post 117 was marked for post-processing, but none was required. [] []
[2022-02-02 14:08:04] merlin-logger.DEBUG: Running post-processing for post 129 [] []
[2022-02-02 14:08:04] merlin-logger.WARNING: Could not find the author for "The simplest ways to choose the best coffee" (post #129) [] []
[2022-02-02 14:08:04] merlin-logger.DEBUG: Post 129 was imported with author "TanvirA_02", but could not be found [] []
[2022-02-02 14:08:04] merlin-logger.DEBUG: Post 129 was marked for post-processing, but none was required. [] []
[2022-02-02 14:08:04] merlin-logger.DEBUG: Running post-processing for post 134 [] []
[2022-02-02 14:08:04] merlin-logger.WARNING: Could not find the author for "What does your pet really think about you?" (post #134) [] []
[2022-02-02 14:08:04] merlin-logger.DEBUG: Post 134 was imported with author "TanvirA_02", but could not be found [] []
[2022-02-02 14:08:04] merlin-logger.DEBUG: Post 134 was marked for post-processing, but none was required. [] []
[2022-02-02 14:08:04] merlin-logger.WARNING: Could not find the author for comment #2 [] []
[2022-02-02 14:08:04] merlin-logger.DEBUG: Comment 2 was imported with author 4, but could not be found [] []
[2022-02-02 14:08:04] merlin-logger.WARNING: Could not find the author for comment #3 [] []
[2022-02-02 14:08:04] merlin-logger.DEBUG: Comment 3 was imported with author 2, but could not be found [] []
[2022-02-02 14:08:04] merlin-logger.WARNING: Could not find the author for comment #4 [] []
[2022-02-02 14:08:04] merlin-logger.DEBUG: Comment 4 was imported with author 3, but could not be found [] []
[2022-02-02 14:08:04] merlin-logger.WARNING: Could not find the author for comment #5 [] []
[2022-02-02 14:08:04] merlin-logger.DEBUG: Comment 5 was imported with author 4, but could not be found [] []
[2022-02-02 14:08:04] merlin-logger.WARNING: Could not find the author for comment #6 [] []
[2022-02-02 14:08:04] merlin-logger.DEBUG: Comment 6 was imported with author 2, but could not be found [] []
[2022-02-02 14:08:04] merlin-logger.WARNING: Could not find the author for comment #7 [] []
[2022-02-02 14:08:04] merlin-logger.DEBUG: Comment 7 was imported with author 3, but could not be found [] []
[2022-02-02 14:08:04] merlin-logger.WARNING: Could not find the author for comment #8 [] []
[2022-02-02 14:08:04] merlin-logger.DEBUG: Comment 8 was imported with author 2, but could not be found [] []
[2022-02-02 14:08:04] merlin-logger.WARNING: Could not find the author for comment #9 [] []
[2022-02-02 14:08:04] merlin-logger.DEBUG: Comment 9 was imported with author 4, but could not be found [] []
[2022-02-02 14:08:04] merlin-logger.WARNING: Could not find the author for comment #10 [] []
[2022-02-02 14:08:04] merlin-logger.DEBUG: Comment 10 was imported with author 4, but could not be found [] []
[2022-02-02 14:08:04] merlin-logger.WARNING: Could not find the author for comment #11 [] []
[2022-02-02 14:08:04] merlin-logger.DEBUG: Comment 11 was imported with author 4, but could not be found [] []
[2022-02-02 14:08:04] merlin-logger.WARNING: Could not find the author for comment #12 [] []
[2022-02-02 14:08:04] merlin-logger.DEBUG: Comment 12 was imported with author 4, but could not be found [] []
[2022-02-02 14:08:04] merlin-logger.WARNING: Could not find the author for comment #13 [] []
[2022-02-02 14:08:04] merlin-logger.DEBUG: Comment 13 was imported with author 2, but could not be found [] []
[2022-02-02 14:08:04] merlin-logger.WARNING: Could not find the author for comment #14 [] []
[2022-02-02 14:08:04] merlin-logger.DEBUG: Comment 14 was imported with author 3, but could not be found [] []
[2022-02-02 14:08:04] merlin-logger.WARNING: Could not find the author for comment #15 [] []
[2022-02-02 14:08:04] merlin-logger.DEBUG: Comment 15 was imported with author 4, but could not be found [] []
[2022-02-02 14:08:04] merlin-logger.WARNING: Could not find the author for comment #16 [] []
[2022-02-02 14:08:04] merlin-logger.DEBUG: Comment 16 was imported with author 2, but could not be found [] []
[2022-02-02 14:08:04] merlin-logger.WARNING: Could not find the author for comment #17 [] []
[2022-02-02 14:08:04] merlin-logger.DEBUG: Comment 17 was imported with author 3, but could not be found [] []
[2022-02-02 14:08:04] merlin-logger.WARNING: Could not find the author for comment #18 [] []
[2022-02-02 14:08:04] merlin-logger.DEBUG: Comment 18 was imported with author 4, but could not be found [] []
[2022-02-02 14:08:04] merlin-logger.WARNING: Could not find the author for comment #20 [] []
[2022-02-02 14:08:04] merlin-logger.DEBUG: Comment 20 was imported with author 3, but could not be found [] []
[2022-02-02 14:08:04] merlin-logger.WARNING: Could not find the author for comment #21 [] []
[2022-02-02 14:08:04] merlin-logger.DEBUG: Comment 21 was imported with author 2, but could not be found [] []
[2022-02-02 14:08:04] merlin-logger.WARNING: Could not find the author for comment #22 [] []
[2022-02-02 14:08:04] merlin-logger.DEBUG: Comment 22 was imported with author 4, but could not be found [] []
[2022-02-02 14:08:04] merlin-logger.WARNING: Could not find the author for comment #23 [] []
[2022-02-02 14:08:04] merlin-logger.DEBUG: Comment 23 was imported with author 3, but could not be found [] []
[2022-02-02 14:08:04] merlin-logger.DEBUG: The home page was set {"homepage_id":"[object] (WP_Post: {\"ID\":35,\"post_author\":\"1\",\"post_date\":\"2017-03-01 10:48:27\",\"post_date_gmt\":\"2017-03-01 10:48:27\",\"post_content\":\"\\n\\t\\t\\t\\t<!-- wp:html -->\\n<div style=\\\"max-width: 720px; margin:0 auto; display:inline-block;\\\">\\n<h1 style=\\\"text-align: center;\\\">This is the home page content</h1>\\n<p style=\\\"text-align: center; margin-bottom: 0;\\\">You can choose from several different content types to display here. This example shows the home page content displayed in this area. Whatever you put in the home page editor will automatically appear here.</p>\\n</div>\\n<!-- /wp:html -->\\t\\t\",\"post_title\":\"Home\",\"post_excerpt\":\"\",\"post_status\":\"publish\",\"comment_status\":\"closed\",\"ping_status\":\"closed\",\"post_password\":\"\",\"post_name\":\"home\",\"to_ping\":\"\",\"pinged\":\"\",\"post_modified\":\"2017-03-01 10:48:27\",\"post_modified_gmt\":\"2017-03-01 10:48:27\",\"post_content_filtered\":\"\",\"post_parent\":0,\"guid\":\"https://demo.mekshq.com/typology/?page_id=35\",\"menu_order\":0,\"post_type\":\"page\",\"post_mime_type\":\"\",\"comment_count\":\"0\",\"filter\":\"raw\"})"} []
[2022-02-02 14:08:07] merlin-logger.INFO: The content import AJAX call will be executed with this import data {"title":"Redux Options","data":[{"file_path":"D:\\Software\\www\\blog/wp-content/themes/typology/inc/demos/01_default/options.json","option_name":"typology_settings"}]} []
[2022-02-02 14:08:07] merlin-logger.DEBUG: The Redux Framework data was imported {"file_path":"D:\\Software\\www\\blog/wp-content/themes/typology/inc/demos/01_default/options.json","option_name":"typology_settings"} []
[2022-02-02 14:08:09] merlin-logger.INFO: The content import AJAX call will be executed with this import data {"title":"Widgets","data":"D:\\Software\\www\\blog/wp-content/themes/typology/inc/demos/01_default/widgets.json"} []
[2022-02-02 14:08:09] merlin-logger.DEBUG: Default Sidebar :   Meks Smart Author - About me - Imported Meks Social Widget - Get in touch - Imported  Footer Center :   Text - No Title - Imported  typology_woocommerce_sidebar : Sidebar does not exist in theme (moving widget to Inactive)  woocommerce_products - Products - Site does not support widget woocommerce_widget_cart - Cart - Site does not support widget  typology_demo_sidebar : Sidebar does not exist in theme (moving widget to Inactive)  Meks Easy Instagram Widget - Instagram - Imported to Inactive Search - Search - Imported to Inactive Recent Posts - Recent Posts - Imported to Inactive Tag Cloud - Tag Cloud - Imported to Inactive Categories - Categories - Imported to Inactive Typology Posts - Custom Posts Widget - Imported to Inactive Typology Posts - Custom Posts Widget - Imported to Inactive Meks Ads Widget - Custom Ads - Imported to Inactive Meks Smart Author - Custom Author Widget - Imported to Inactive Meks Social Widget - Custom Social Widget - Imported to Inactive Meks Flickr Widget - Custom Flickr Widget - Imported to Inactive  typology_footer_sidebar_left_demo : Sidebar does not exist in theme (moving widget to Inactive)  Text - About us - Imported to Inactive  typology_footer_sidebar_center_demo : Sidebar does not exist in theme (moving widget to Inactive)  Text - Newsletter - Imported to Inactive  typology_footer_sidebar_right_demo : Sidebar does not exist in theme (moving widget to Inactive)  Meks Social Widget - Follow us - Imported to Inactive   [] []
[2022-02-02 14:08:11] merlin-logger.INFO: The content import AJAX call will be executed with this import data {"title":"After import setup","data":0} []
[2022-02-02 14:08:15] merlin-logger.DEBUG: The final step has been displayed [] []
